-- The C compiler identification is GNU 7.5.0
-- The CXX compiler identification is GNU 7.5.0
-- Check for working C compiler: /usr/bin/cc
-- Check for working C compiler: /usr/bin/cc -- works
-- Detecting C compiler ABI info
-- Detecting C compiler ABI info - done
-- Detecting C compile features
-- Detecting C compile features - done
-- Check for working CXX compiler: /usr/bin/c++
-- Check for working CXX compiler: /usr/bin/c++ -- works
-- Detecting CXX compiler ABI info
-- Detecting CXX compiler ABI info - done
-- Detecting CXX compile features
-- Detecting CXX compile features - done
-- Found ament_cmake: 0.8.2 (/opt/ros/eloquent/share/ament_cmake/cmake)
-- Found PythonInterp: /usr/bin/python3 (found suitable version "3.6.9", minimum required is "3") 
-- Using PYTHON_EXECUTABLE: /usr/bin/python3
-- Found std_msgs: 0.8.1 (/opt/ros/eloquent/share/std_msgs/cmake)
-- Found rosidl_adapter: 0.8.2 (/opt/ros/eloquent/share/rosidl_adapter/cmake)
-- Found rosidl_default_generators: 0.8.0 (/opt/ros/eloquent/share/rosidl_default_generators/cmake)
-- Found OpenSSL: /usr/lib/x86_64-linux-gnu/libcrypto.so (found version "1.1.1") 
-- Found FastRTPS: /opt/ros/eloquent/include  
-- Found PythonInterp: /usr/bin/python3 (found version "3.6.9") 
-- Using single matching rosidl_typesupport_c: rosidl_typesupport_fastrtps_c
-- Using single matching rosidl_typesupport_cpp: rosidl_typesupport_fastrtps_cpp
-- Found rmw_implementation_cmake: 0.8.1 (/opt/ros/eloquent/share/rmw_implementation_cmake/cmake)
-- Found PythonInterp: /usr/bin/python3 (found suitable version "3.6.9", minimum required is "3.5") 
-- Found python_cmake_module: 0.8.0 (/opt/ros/eloquent/share/python_cmake_module/cmake)
-- Found PythonLibs: /usr/lib/x86_64-linux-gnu/libpython3.6m.so (found suitable version "3.6.9", minimum required is "3.5") 
-- Using PYTHON_EXECUTABLE: /usr/bin/python3
-- Using PYTHON_INCLUDE_DIRS: /usr/include/python3.6m
-- Using PYTHON_LIBRARIES: /usr/lib/x86_64-linux-gnu/libpython3.6m.so
-- Found PythonExtra: .so  
-- Configuring done
-- Generating done
-- Build files have been written to: /home/ros/endpoints_ws/build/navatics_msgs
[35m[1mScanning dependencies of target navatics_msgs__cpp[0m
[  3%] [34m[1mGenerating C code for ROS interfaces[0m
[  6%] [34m[1mGenerating C++ code for ROS interfaces[0m
[  6%] Built target navatics_msgs__cpp
[35m[1mScanning dependencies of target navatics_msgs__rosidl_generator_c[0m
[ 10%] [34m[1mGenerating C++ type support for eProsima Fast-RTPS[0m
[ 13%] [32mBuilding C object CMakeFiles/navatics_msgs__rosidl_generator_c.dir/rosidl_generator_c/navatics_msgs/msg/can_bus__functions.c.o[0m
[ 17%] [32m[1mLinking C shared library libnavatics_msgs__rosidl_generator_c.so[0m
[ 17%] Built target navatics_msgs__rosidl_generator_c
[ 20%] [34m[1mGenerating C++ introspection for ROS interfaces[0m
[35m[1mScanning dependencies of target navatics_msgs__rosidl_typesupport_fastrtps_cpp[0m
[ 24%] [32mBuilding CXX object CMakeFiles/navatics_msgs__rosidl_typesupport_fastrtps_cpp.dir/rosidl_typesupport_fastrtps_cpp/navatics_msgs/msg/dds_fastrtps/can_bus__type_support.cpp.o[0m
[35m[1mScanning dependencies of target navatics_msgs__rosidl_typesupport_introspection_cpp[0m
[ 27%] [32mBuilding CXX object CMakeFiles/navatics_msgs__rosidl_typesupport_introspection_cpp.dir/rosidl_typesupport_introspection_cpp/navatics_msgs/msg/can_bus__type_support.cpp.o[0m
[ 31%] [32m[1mLinking CXX shared library libnavatics_msgs__rosidl_typesupport_fastrtps_cpp.so[0m
[ 34%] [32m[1mLinking CXX shared library libnavatics_msgs__rosidl_typesupport_introspection_cpp.so[0m
[ 34%] Built target navatics_msgs__rosidl_typesupport_introspection_cpp
[ 34%] Built target navatics_msgs__rosidl_typesupport_fastrtps_cpp
[ 37%] [34m[1mGenerating C introspection for ROS interfaces[0m
[ 41%] [34m[1mGenerating C type support for eProsima Fast-RTPS[0m
[35m[1mScanning dependencies of target navatics_msgs__rosidl_typesupport_introspection_c[0m
[35m[1mScanning dependencies of target navatics_msgs__rosidl_typesupport_fastrtps_c[0m
[ 44%] [32mBuilding C object CMakeFiles/navatics_msgs__rosidl_typesupport_introspection_c.dir/rosidl_typesupport_introspection_c/navatics_msgs/msg/can_bus__type_support.c.o[0m
[ 48%] [32mBuilding CXX object CMakeFiles/navatics_msgs__rosidl_typesupport_fastrtps_c.dir/rosidl_typesupport_fastrtps_c/navatics_msgs/msg/can_bus__type_support_c.cpp.o[0m
[ 51%] [32m[1mLinking C shared library libnavatics_msgs__rosidl_typesupport_introspection_c.so[0m
[ 51%] Built target navatics_msgs__rosidl_typesupport_introspection_c
[ 55%] [34m[1mGenerating C++ type support dispatch for ROS interfaces[0m
[ 58%] [32m[1mLinking CXX shared library libnavatics_msgs__rosidl_typesupport_fastrtps_c.so[0m
[35m[1mScanning dependencies of target navatics_msgs__rosidl_typesupport_cpp[0m
[ 62%] [32mBuilding CXX object CMakeFiles/navatics_msgs__rosidl_typesupport_cpp.dir/rosidl_typesupport_cpp/navatics_msgs/msg/can_bus__type_support.cpp.o[0m
[ 62%] Built target navatics_msgs__rosidl_typesupport_fastrtps_c
[ 65%] [34m[1mGenerating C type support dispatch for ROS interfaces[0m
[35m[1mScanning dependencies of target navatics_msgs__rosidl_typesupport_c[0m
[ 68%] [32mBuilding CXX object CMakeFiles/navatics_msgs__rosidl_typesupport_c.dir/rosidl_typesupport_c/navatics_msgs/msg/can_bus__type_support.cpp.o[0m
[ 72%] [32m[1mLinking CXX shared library libnavatics_msgs__rosidl_typesupport_cpp.so[0m
[ 75%] [32m[1mLinking CXX shared library libnavatics_msgs__rosidl_typesupport_c.so[0m
[ 75%] Built target navatics_msgs__rosidl_typesupport_c
[ 75%] Built target navatics_msgs__rosidl_typesupport_cpp
[35m[1mScanning dependencies of target navatics_msgs[0m
[ 75%] Built target navatics_msgs
[35m[1mScanning dependencies of target navatics_msgs__py[0m
[ 79%] [34m[1mGenerating Python code for ROS interfaces[0m
[ 79%] Built target navatics_msgs__py
[35m[1mScanning dependencies of target navatics_msgs__python[0m
[ 82%] [32mBuilding C object CMakeFiles/navatics_msgs__python.dir/rosidl_generator_py/navatics_msgs/msg/_can_bus_s.c.o[0m
[ 86%] [32m[1mLinking CXX shared library rosidl_generator_py/navatics_msgs/libnavatics_msgs__python.so[0m
[ 86%] Built target navatics_msgs__python
[35m[1mScanning dependencies of target navatics_msgs__rosidl_typesupport_c__pyext[0m
[35m[1mScanning dependencies of target navatics_msgs__rosidl_typesupport_fastrtps_c__pyext[0m
[ 89%] [32mBuilding C object CMakeFiles/navatics_msgs__rosidl_typesupport_fastrtps_c__pyext.dir/rosidl_generator_py/navatics_msgs/_navatics_msgs_s.ep.rosidl_typesupport_fastrtps_c.c.o[0m
[ 93%] [32mBuilding C object CMakeFiles/navatics_msgs__rosidl_typesupport_c__pyext.dir/rosidl_generator_py/navatics_msgs/_navatics_msgs_s.ep.rosidl_typesupport_c.c.o[0m
[100%] [32m[1mLinking CXX shared library rosidl_generator_py/navatics_msgs/navatics_msgs_s__rosidl_typesupport_c.cpython-36m-x86_64-linux-gnu.so[0m
[100%] [32m[1mLinking CXX shared library rosidl_generator_py/navatics_msgs/navatics_msgs_s__rosidl_typesupport_fastrtps_c.cpython-36m-x86_64-linux-gnu.so[0m
[100%] Built target navatics_msgs__rosidl_typesupport_fastrtps_c__pyext
[100%] Built target navatics_msgs__rosidl_typesupport_c__pyext
[  6%] Built target navatics_msgs__cpp
[ 13%] Built target navatics_msgs__rosidl_generator_c
[ 34%] Built target navatics_msgs__rosidl_typesupport_introspection_c
[ 34%] Built target navatics_msgs__rosidl_typesupport_fastrtps_cpp
[ 55%] Built target navatics_msgs__rosidl_typesupport_fastrtps_c
[ 55%] Built target navatics_msgs__rosidl_typesupport_introspection_cpp
[ 65%] Built target navatics_msgs__rosidl_typesupport_cpp
[ 75%] Built target navatics_msgs__rosidl_typesupport_c
[ 75%] Built target navatics_msgs
[ 79%] Built target navatics_msgs__py
[ 86%] Built target navatics_msgs__python
[100%] Built target navatics_msgs__rosidl_typesupport_fastrtps_c__pyext
[100%] Built target navatics_msgs__rosidl_typesupport_c__pyext
[36mInstall the project...[0m
-- Install configuration: ""
-- Installing: /home/ros/endpoints_ws/install/navatics_msgs/share/ament_index/resource_index/rosidl_interfaces/navatics_msgs
-- Installing: /home/ros/endpoints_ws/install/navatics_msgs/include/navatics_msgs
-- Installing: /home/ros/endpoints_ws/install/navatics_msgs/include/navatics_msgs/msg
-- Installing: /home/ros/endpoints_ws/install/navatics_msgs/include/navatics_msgs/msg/can_bus.hpp
-- Installing: /home/ros/endpoints_ws/install/navatics_msgs/include/navatics_msgs/msg/can_bus__struct.hpp
-- Installing: /home/ros/endpoints_ws/install/navatics_msgs/include/navatics_msgs/msg/can_bus__traits.hpp
-- Up-to-date: /home/ros/endpoints_ws/install/navatics_msgs/include/navatics_msgs
-- Up-to-date: /home/ros/endpoints_ws/install/navatics_msgs/include/navatics_msgs/msg
-- Installing: /home/ros/endpoints_ws/install/navatics_msgs/include/navatics_msgs/msg/can_bus__functions.h
-- Installing: /home/ros/endpoints_ws/install/navatics_msgs/include/navatics_msgs/msg/can_bus.h
-- Installing: /home/ros/endpoints_ws/install/navatics_msgs/include/navatics_msgs/msg/rosidl_generator_c__visibility_control.h
-- Installing: /home/ros/endpoints_ws/install/navatics_msgs/include/navatics_msgs/msg/can_bus__type_support.h
-- Installing: /home/ros/endpoints_ws/install/navatics_msgs/include/navatics_msgs/msg/can_bus__struct.h
-- Installing: /home/ros/endpoints_ws/install/navatics_msgs/include/navatics_msgs/msg/can_bus__functions.c
-- Installing: /home/ros/endpoints_ws/install/navatics_msgs/share/navatics_msgs/environment/library_path.sh
-- Installing: /home/ros/endpoints_ws/install/navatics_msgs/share/navatics_msgs/environment/library_path.dsv
-- Installing: /home/ros/endpoints_ws/install/navatics_msgs/lib/libnavatics_msgs__rosidl_generator_c.so
-- Set runtime path of "/home/ros/endpoints_ws/install/navatics_msgs/lib/libnavatics_msgs__rosidl_generator_c.so" to ""
-- Installing: /home/ros/endpoints_ws/install/navatics_msgs/lib/libnavatics_msgs__rosidl_typesupport_c.so
-- Set runtime path of "/home/ros/endpoints_ws/install/navatics_msgs/lib/libnavatics_msgs__rosidl_typesupport_c.so" to ""
-- Installing: /home/ros/endpoints_ws/install/navatics_msgs/lib/libnavatics_msgs__rosidl_typesupport_cpp.so
-- Set runtime path of "/home/ros/endpoints_ws/install/navatics_msgs/lib/libnavatics_msgs__rosidl_typesupport_cpp.so" to ""
-- Up-to-date: /home/ros/endpoints_ws/install/navatics_msgs/include/navatics_msgs
-- Up-to-date: /home/ros/endpoints_ws/install/navatics_msgs/include/navatics_msgs/msg
-- Installing: /home/ros/endpoints_ws/install/navatics_msgs/include/navatics_msgs/msg/can_bus__rosidl_typesupport_introspection_c.h
-- Installing: /home/ros/endpoints_ws/install/navatics_msgs/include/navatics_msgs/msg/rosidl_typesupport_introspection_c__visibility_control.h
-- Installing: /home/ros/endpoints_ws/install/navatics_msgs/include/navatics_msgs/msg/can_bus__type_support.c
-- Installing: /home/ros/endpoints_ws/install/navatics_msgs/lib/libnavatics_msgs__rosidl_typesupport_introspection_c.so
-- Set runtime path of "/home/ros/endpoints_ws/install/navatics_msgs/lib/libnavatics_msgs__rosidl_typesupport_introspection_c.so" to ""
-- Up-to-date: /home/ros/endpoints_ws/install/navatics_msgs/include/navatics_msgs
-- Up-to-date: /home/ros/endpoints_ws/install/navatics_msgs/include/navatics_msgs/msg
-- Installing: /home/ros/endpoints_ws/install/navatics_msgs/include/navatics_msgs/msg/can_bus__rosidl_typesupport_introspection_cpp.hpp
-- Installing: /home/ros/endpoints_ws/install/navatics_msgs/include/navatics_msgs/msg/can_bus__type_support.cpp
-- Installing: /home/ros/endpoints_ws/install/navatics_msgs/lib/libnavatics_msgs__rosidl_typesupport_introspection_cpp.so
-- Set runtime path of "/home/ros/endpoints_ws/install/navatics_msgs/lib/libnavatics_msgs__rosidl_typesupport_introspection_cpp.so" to ""
-- Up-to-date: /home/ros/endpoints_ws/install/navatics_msgs/include/navatics_msgs
-- Up-to-date: /home/ros/endpoints_ws/install/navatics_msgs/include/navatics_msgs/msg
-- Installing: /home/ros/endpoints_ws/install/navatics_msgs/include/navatics_msgs/msg/can_bus__rosidl_typesupport_fastrtps_c.h
-- Installing: /home/ros/endpoints_ws/install/navatics_msgs/include/navatics_msgs/msg/rosidl_typesupport_fastrtps_c__visibility_control.h
-- Installing: /home/ros/endpoints_ws/install/navatics_msgs/lib/libnavatics_msgs__rosidl_typesupport_fastrtps_c.so
-- Set runtime path of "/home/ros/endpoints_ws/install/navatics_msgs/lib/libnavatics_msgs__rosidl_typesupport_fastrtps_c.so" to ""
-- Up-to-date: /home/ros/endpoints_ws/install/navatics_msgs/include/navatics_msgs
-- Up-to-date: /home/ros/endpoints_ws/install/navatics_msgs/include/navatics_msgs/msg
-- Installing: /home/ros/endpoints_ws/install/navatics_msgs/include/navatics_msgs/msg/dds_fastrtps
-- Installing: /home/ros/endpoints_ws/install/navatics_msgs/include/navatics_msgs/msg/can_bus__rosidl_typesupport_fastrtps_cpp.hpp
-- Installing: /home/ros/endpoints_ws/install/navatics_msgs/include/navatics_msgs/msg/rosidl_typesupport_fastrtps_cpp__visibility_control.h
-- Installing: /home/ros/endpoints_ws/install/navatics_msgs/lib/libnavatics_msgs__rosidl_typesupport_fastrtps_cpp.so
-- Set runtime path of "/home/ros/endpoints_ws/install/navatics_msgs/lib/libnavatics_msgs__rosidl_typesupport_fastrtps_cpp.so" to ""
-- Installing: /home/ros/endpoints_ws/install/navatics_msgs/share/navatics_msgs/environment/pythonpath.sh
-- Installing: /home/ros/endpoints_ws/install/navatics_msgs/share/navatics_msgs/environment/pythonpath.dsv
-- Installing: /home/ros/endpoints_ws/install/navatics_msgs/lib/python3.6/site-packages/navatics_msgs/__init__.py
Compiling '/home/ros/endpoints_ws/install/navatics_msgs/lib/python3.6/site-packages/navatics_msgs/__init__.py'...
-- Installing: /home/ros/endpoints_ws/install/navatics_msgs/lib/python3.6/site-packages/navatics_msgs/msg
-- Installing: /home/ros/endpoints_ws/install/navatics_msgs/lib/python3.6/site-packages/navatics_msgs/msg/_can_bus.py
-- Installing: /home/ros/endpoints_ws/install/navatics_msgs/lib/python3.6/site-packages/navatics_msgs/msg/_can_bus_s.c
-- Installing: /home/ros/endpoints_ws/install/navatics_msgs/lib/python3.6/site-packages/navatics_msgs/msg/__init__.py
-- Installing: /home/ros/endpoints_ws/install/navatics_msgs/lib/python3.6/site-packages/navatics_msgs/navatics_msgs_s__rosidl_typesupport_c.cpython-36m-x86_64-linux-gnu.so
-- Set runtime path of "/home/ros/endpoints_ws/install/navatics_msgs/lib/python3.6/site-packages/navatics_msgs/navatics_msgs_s__rosidl_typesupport_c.cpython-36m-x86_64-linux-gnu.so" to ""
-- Installing: /home/ros/endpoints_ws/install/navatics_msgs/lib/python3.6/site-packages/navatics_msgs/navatics_msgs_s__rosidl_typesupport_fastrtps_c.cpython-36m-x86_64-linux-gnu.so
-- Set runtime path of "/home/ros/endpoints_ws/install/navatics_msgs/lib/python3.6/site-packages/navatics_msgs/navatics_msgs_s__rosidl_typesupport_fastrtps_c.cpython-36m-x86_64-linux-gnu.so" to ""
-- Installing: /home/ros/endpoints_ws/install/navatics_msgs/lib/libnavatics_msgs__python.so
-- Set runtime path of "/home/ros/endpoints_ws/install/navatics_msgs/lib/libnavatics_msgs__python.so" to ""
-- Installing: /home/ros/endpoints_ws/install/navatics_msgs/share/navatics_msgs/msg/CanBus.idl
-- Installing: /home/ros/endpoints_ws/install/navatics_msgs/share/navatics_msgs/msg/CanBus.msg
-- Installing: /home/ros/endpoints_ws/install/navatics_msgs/share/ament_index/resource_index/package_run_dependencies/navatics_msgs
-- Installing: /home/ros/endpoints_ws/install/navatics_msgs/share/ament_index/resource_index/parent_prefix_path/navatics_msgs
-- Installing: /home/ros/endpoints_ws/install/navatics_msgs/share/navatics_msgs/environment/ament_prefix_path.sh
-- Installing: /home/ros/endpoints_ws/install/navatics_msgs/share/navatics_msgs/environment/ament_prefix_path.dsv
-- Installing: /home/ros/endpoints_ws/install/navatics_msgs/share/navatics_msgs/environment/path.sh
-- Installing: /home/ros/endpoints_ws/install/navatics_msgs/share/navatics_msgs/environment/path.dsv
-- Installing: /home/ros/endpoints_ws/install/navatics_msgs/share/navatics_msgs/local_setup.bash
-- Installing: /home/ros/endpoints_ws/install/navatics_msgs/share/navatics_msgs/local_setup.sh
-- Installing: /home/ros/endpoints_ws/install/navatics_msgs/share/navatics_msgs/local_setup.zsh
-- Installing: /home/ros/endpoints_ws/install/navatics_msgs/share/navatics_msgs/local_setup.dsv
-- Installing: /home/ros/endpoints_ws/install/navatics_msgs/share/navatics_msgs/package.dsv
-- Installing: /home/ros/endpoints_ws/install/navatics_msgs/share/ament_index/resource_index/packages/navatics_msgs
-- Installing: /home/ros/endpoints_ws/install/navatics_msgs/share/navatics_msgs/cmake/rosidl_cmake-extras.cmake
-- Installing: /home/ros/endpoints_ws/install/navatics_msgs/share/navatics_msgs/cmake/ament_cmake_export_dependencies-extras.cmake
-- Installing: /home/ros/endpoints_ws/install/navatics_msgs/share/navatics_msgs/cmake/ament_cmake_export_include_directories-extras.cmake
-- Installing: /home/ros/endpoints_ws/install/navatics_msgs/share/navatics_msgs/cmake/ament_cmake_export_libraries-extras.cmake
-- Installing: /home/ros/endpoints_ws/install/navatics_msgs/share/navatics_msgs/cmake/navatics_msgsConfig.cmake
-- Installing: /home/ros/endpoints_ws/install/navatics_msgs/share/navatics_msgs/cmake/navatics_msgsConfig-version.cmake
-- Installing: /home/ros/endpoints_ws/install/navatics_msgs/share/navatics_msgs/package.xml
