Determining if the pthread_create exist failed with the following output:
Change Dir: /home/ros/endpoints_ws/build/navatics_server/CMakeFiles/CMakeTmp

Run Build Command:"/usr/bin/make" "cmTC_0f9ac/fast"
/usr/bin/make -f CMakeFiles/cmTC_0f9ac.dir/build.make CMakeFiles/cmTC_0f9ac.dir/build
make[1]: Entering directory '/home/ros/endpoints_ws/build/navatics_server/CMakeFiles/CMakeTmp'
Building C object CMakeFiles/cmTC_0f9ac.dir/CheckSymbolExists.c.o
/usr/bin/cc    -o CMakeFiles/cmTC_0f9ac.dir/CheckSymbolExists.c.o   -c /home/ros/endpoints_ws/build/navatics_server/CMakeFiles/CMakeTmp/CheckSymbolExists.c
Linking C executable cmTC_0f9ac
/usr/bin/cmake -E cmake_link_script CMakeFiles/cmTC_0f9ac.dir/link.txt --verbose=1
/usr/bin/cc      CMakeFiles/cmTC_0f9ac.dir/CheckSymbolExists.c.o  -o cmTC_0f9ac 
CMakeFiles/cmTC_0f9ac.dir/CheckSymbolExists.c.o: In function `main':
CheckSymbolExists.c:(.text+0x1b): undefined reference to `pthread_create'
collect2: error: ld returned 1 exit status
CMakeFiles/cmTC_0f9ac.dir/build.make:97: recipe for target 'cmTC_0f9ac' failed
make[1]: *** [cmTC_0f9ac] Error 1
make[1]: Leaving directory '/home/ros/endpoints_ws/build/navatics_server/CMakeFiles/CMakeTmp'
Makefile:126: recipe for target 'cmTC_0f9ac/fast' failed
make: *** [cmTC_0f9ac/fast] Error 2

File /home/ros/endpoints_ws/build/navatics_server/CMakeFiles/CMakeTmp/CheckSymbolExists.c:
/* */
#include <pthread.h>

int main(int argc, char** argv)
{
  (void)argv;
#ifndef pthread_create
  return ((int*)(&pthread_create))[argc];
#else
  (void)argc;
  return 0;
#endif
}

Determining if the function pthread_create exists in the pthreads failed with the following output:
Change Dir: /home/ros/endpoints_ws/build/navatics_server/CMakeFiles/CMakeTmp

Run Build Command:"/usr/bin/make" "cmTC_38921/fast"
/usr/bin/make -f CMakeFiles/cmTC_38921.dir/build.make CMakeFiles/cmTC_38921.dir/build
make[1]: Entering directory '/home/ros/endpoints_ws/build/navatics_server/CMakeFiles/CMakeTmp'
Building C object CMakeFiles/cmTC_38921.dir/CheckFunctionExists.c.o
/usr/bin/cc   -DCHECK_FUNCTION_EXISTS=pthread_create   -o CMakeFiles/cmTC_38921.dir/CheckFunctionExists.c.o   -c /usr/share/cmake-3.10/Modules/CheckFunctionExists.c
Linking C executable cmTC_38921
/usr/bin/cmake -E cmake_link_script CMakeFiles/cmTC_38921.dir/link.txt --verbose=1
/usr/bin/cc  -DCHECK_FUNCTION_EXISTS=pthread_create    CMakeFiles/cmTC_38921.dir/CheckFunctionExists.c.o  -o cmTC_38921 -lpthreads 
/usr/bin/ld: cannot find -lpthreads
collect2: error: ld returned 1 exit status
CMakeFiles/cmTC_38921.dir/build.make:97: recipe for target 'cmTC_38921' failed
make[1]: *** [cmTC_38921] Error 1
make[1]: Leaving directory '/home/ros/endpoints_ws/build/navatics_server/CMakeFiles/CMakeTmp'
Makefile:126: recipe for target 'cmTC_38921/fast' failed
make: *** [cmTC_38921/fast] Error 2


